<?xml version="1.0" encoding="UTF-8"?>
<testsuite xmlns:xsi="http://www.w3.org/2001/XMLSchema-instance" xsi:noNamespaceSchemaLocation="https://maven.apache.org/surefire/maven-surefire-plugin/xsd/surefire-test-report-3.0.xsd" version="3.0" name="APIRestServiceTest" time="0.202" tests="2" errors="0" skipped="0" failures="0">
  <properties>
    <property name="java.specification.version" value="17"/>
    <property name="sun.cpu.isalist" value="amd64"/>
    <property name="sun.jnu.encoding" value="Cp1252"/>
    <property name="java.class.path" value="C:\Users\magar\OneDrive\Escritorio\Sebas\uni\Arep\taller1\TallerArep1\apirest\target\test-classes;C:\Users\magar\OneDrive\Escritorio\Sebas\uni\Arep\taller1\TallerArep1\apirest\target\classes;C:\Users\magar\.m2\repository\org\json\json\20230227\json-20230227.jar;C:\Users\magar\.m2\repository\junit\junit\4.13.2\junit-4.13.2.jar;C:\Users\magar\.m2\repository\org\hamcrest\hamcrest-core\1.3\hamcrest-core-1.3.jar;C:\Users\magar\.m2\repository\org\testng\testng\7.1.0\testng-7.1.0.jar;C:\Users\magar\.m2\repository\com\beust\jcommander\1.72\jcommander-1.72.jar;C:\Users\magar\.m2\repository\com\google\inject\guice\4.1.0\guice-4.1.0-no_aop.jar;C:\Users\magar\.m2\repository\javax\inject\javax.inject\1\javax.inject-1.jar;C:\Users\magar\.m2\repository\aopalliance\aopalliance\1.0\aopalliance-1.0.jar;C:\Users\magar\.m2\repository\com\google\guava\guava\19.0\guava-19.0.jar;C:\Users\magar\.m2\repository\org\yaml\snakeyaml\1.21\snakeyaml-1.21.jar;"/>
    <property name="java.vm.vendor" value="Oracle Corporation"/>
    <property name="sun.arch.data.model" value="64"/>
    <property name="user.variant" value=""/>
    <property name="java.vendor.url" value="https://java.oracle.com/"/>
    <property name="user.timezone" value="America/Bogota"/>
    <property name="os.name" value="Windows 11"/>
    <property name="java.vm.specification.version" value="17"/>
    <property name="sun.java.launcher" value="SUN_STANDARD"/>
    <property name="user.country" value="CO"/>
    <property name="sun.boot.library.path" value="C:\Program Files\Java\jdk-17\bin"/>
    <property name="sun.java.command" value="C:\Users\magar\AppData\Local\Temp\surefire15726125092770404052\surefirebooter-20240126190256723_3.jar C:\Users\magar\AppData\Local\Temp\surefire15726125092770404052 2024-01-26T19-02-56_539-jvmRun1 surefire-20240126190256723_1tmp surefire_0-20240126190256723_2tmp"/>
    <property name="jdk.debug" value="release"/>
    <property name="surefire.test.class.path" value="C:\Users\magar\OneDrive\Escritorio\Sebas\uni\Arep\taller1\TallerArep1\apirest\target\test-classes;C:\Users\magar\OneDrive\Escritorio\Sebas\uni\Arep\taller1\TallerArep1\apirest\target\classes;C:\Users\magar\.m2\repository\org\json\json\20230227\json-20230227.jar;C:\Users\magar\.m2\repository\junit\junit\4.13.2\junit-4.13.2.jar;C:\Users\magar\.m2\repository\org\hamcrest\hamcrest-core\1.3\hamcrest-core-1.3.jar;C:\Users\magar\.m2\repository\org\testng\testng\7.1.0\testng-7.1.0.jar;C:\Users\magar\.m2\repository\com\beust\jcommander\1.72\jcommander-1.72.jar;C:\Users\magar\.m2\repository\com\google\inject\guice\4.1.0\guice-4.1.0-no_aop.jar;C:\Users\magar\.m2\repository\javax\inject\javax.inject\1\javax.inject-1.jar;C:\Users\magar\.m2\repository\aopalliance\aopalliance\1.0\aopalliance-1.0.jar;C:\Users\magar\.m2\repository\com\google\guava\guava\19.0\guava-19.0.jar;C:\Users\magar\.m2\repository\org\yaml\snakeyaml\1.21\snakeyaml-1.21.jar;"/>
    <property name="sun.cpu.endian" value="little"/>
    <property name="user.home" value="C:\Users\magar"/>
    <property name="user.language" value="es"/>
    <property name="java.specification.vendor" value="Oracle Corporation"/>
    <property name="java.version.date" value="2023-07-18"/>
    <property name="java.home" value="C:\Program Files\Java\jdk-17"/>
    <property name="file.separator" value="\"/>
    <property name="basedir" value="C:\Users\magar\OneDrive\Escritorio\Sebas\uni\Arep\taller1\TallerArep1\apirest"/>
    <property name="java.vm.compressedOopsMode" value="Zero based"/>
    <property name="line.separator" value="&#10;"/>
    <property name="java.vm.specification.vendor" value="Oracle Corporation"/>
    <property name="java.specification.name" value="Java Platform API Specification"/>
    <property name="surefire.real.class.path" value="C:\Users\magar\AppData\Local\Temp\surefire15726125092770404052\surefirebooter-20240126190256723_3.jar"/>
    <property name="user.script" value=""/>
    <property name="sun.management.compiler" value="HotSpot 64-Bit Tiered Compilers"/>
    <property name="java.runtime.version" value="17.0.8+9-LTS-211"/>
    <property name="user.name" value="magar"/>
    <property name="path.separator" value=";"/>
    <property name="os.version" value="10.0"/>
    <property name="java.runtime.name" value="Java(TM) SE Runtime Environment"/>
    <property name="file.encoding" value="Cp1252"/>
    <property name="java.vm.name" value="Java HotSpot(TM) 64-Bit Server VM"/>
    <property name="localRepository" value="C:\Users\magar\.m2\repository"/>
    <property name="java.vendor.url.bug" value="https://bugreport.java.com/bugreport/"/>
    <property name="java.io.tmpdir" value="C:\Users\magar\AppData\Local\Temp\"/>
    <property name="java.version" value="17.0.8"/>
    <property name="user.dir" value="C:\Users\magar\OneDrive\Escritorio\Sebas\uni\Arep\taller1\TallerArep1\apirest"/>
    <property name="os.arch" value="amd64"/>
    <property name="java.vm.specification.name" value="Java Virtual Machine Specification"/>
    <property name="sun.os.patch.level" value=""/>
    <property name="native.encoding" value="Cp1252"/>
    <property name="java.library.path" value="C:\Program Files\Java\jdk-17\bin;C:\Windows\Sun\Java\bin;C:\Windows\system32;C:\Windows;C:\Program Files\Common Files\Oracle\Java\javapath;C:\Program Files (x86)\Common Files\Oracle\Java\javapath;C:\Windows\system32;C:\Windows;C:\Windows\System32\Wbem;C:\Windows\System32\WindowsPowerShell\v1.0\;C:\Windows\System32\OpenSSH\;C:\Program Files (x86)\NVIDIA Corporation\PhysX\Common;C:\Program Files\NVIDIA Corporation\NVIDIA NvDLISR;C:\Program Files\Git\cmd;C:\Program Files\Docker\Docker\resources\bin;C:\Program Files\Maven\apache-maven-3.9.4\bin;C:\Program Files\Java\jdk-17\bin;C:\Users\magar\AppData\Local\Microsoft\WindowsApps;C:\Users\magar\AppData\Local\GitHubDesktop\bin;C:\Users\magar\AppData\Local\Programs\Microsoft VS Code\bin;."/>
    <property name="java.vm.info" value="mixed mode, sharing"/>
    <property name="java.vendor" value="Oracle Corporation"/>
    <property name="java.vm.version" value="17.0.8+9-LTS-211"/>
    <property name="sun.io.unicode.encoding" value="UnicodeLittle"/>
    <property name="java.class.version" value="61.0"/>
  </properties>
  <testcase name="storedinCache_Should_ReturnFalse_When_MovieNotInCache on storedinCache_Should_ReturnFalse_When_MovieNotInCache(APIRestServiceTest)" classname="APIRestServiceTest" time="0.003"/>
  <testcase name="getMovie_Should_ShowMovieInformation_When_MovieInCache on getMovie_Should_ShowMovieInformation_When_MovieInCache(APIRestServiceTest)" classname="APIRestServiceTest" time="0.0"/>
</testsuite>