<?xml version="1.0" encoding="UTF-8"?>
<!-- Generated by org.testng.reporters.JUnitReportReporter -->
<testsuite hostname="magar" failures="0" tests="2" name="APIRestServiceTest" time="0.019" errors="0" timestamp="2024-01-25T19:20:58 COT" skipped="0">
  <testcase classname="APIRestServiceTest" name="getMovie_Should_ShowMovieInformation_When_MovieInCache" time="0.010"/>
  <system-out/>
  <testcase classname="APIRestServiceTest" name="storedinCache_Should_ReturnFalse_When_MovieNotInCache" time="0.009"/>
  <system-out/>
</testsuite> <!-- APIRestServiceTest -->
